<?xml version="1.0" encoding="UTF-8"?>
<!-- Generated by org.testng.reporters.JUnitReportReporter -->
<testsuite hostname="LAPTOP-SRB3U688" failures="0" tests="1" name="Runner.TestRunner" time="0.004" errors="0" timestamp="2021-07-29T05:48:17 IST" skipped="0">
  <testcase classname="Runner.TestRunner" name="executeTest" time="0.004"/>
  <system-out/>
</testsuite> <!-- Runner.TestRunner -->
